2020-11-06 15:23:39,661 INFO o.s.b.StartupInfoLogger [main] Starting SareetaApplication on Louises-MacBook-Pro.local with PID 11979 (started by wiezie in /Users/wiezie/IdeaProjects/Udacity/eCommerce Application)
2020-11-06 15:23:39,699 INFO o.s.b.SpringApplication [main] No active profile set, falling back to default profiles: default
2020-11-06 15:23:41,074 INFO o.s.d.r.c.RepositoryConfigurationDelegate [main] Bootstrapping Spring Data repositories in DEFAULT mode.
2020-11-06 15:23:41,193 INFO o.s.d.r.c.RepositoryConfigurationDelegate [main] Finished Spring Data repository scanning in 111ms. Found 4 repository interfaces.
2020-11-06 15:23:41,789 INFO o.s.c.s.PostProcessorRegistrationDelegate$BeanPostProcessorChecker [main] Bean 'org.springframework.transaction.annotation.ProxyTransactionManagementConfiguration' of type [org.springframework.transaction.annotation.ProxyTransactionManagementConfiguration$$EnhancerBySpringCGLIB$$d8af74eb] is not eligible for getting processed by all BeanPostProcessors (for example: not eligible for auto-proxying)
2020-11-06 15:23:42,178 INFO o.s.b.w.e.t.TomcatWebServer [main] Tomcat initialized with port(s): 8080 (http)
2020-11-06 15:23:42,203 INFO o.a.j.l.DirectJDKLog [main] Initializing ProtocolHandler ["http-nio-8080"]
2020-11-06 15:23:42,230 INFO o.a.j.l.DirectJDKLog [main] Starting service [Tomcat]
2020-11-06 15:23:42,232 INFO o.a.j.l.DirectJDKLog [main] Starting Servlet engine: [Apache Tomcat/9.0.19]
2020-11-06 15:23:42,384 INFO o.a.j.l.DirectJDKLog [main] Initializing Spring embedded WebApplicationContext
2020-11-06 15:23:42,385 INFO o.s.b.w.s.c.ServletWebServerApplicationContext [main] Root WebApplicationContext: initialization completed in 2538 ms
2020-11-06 15:23:42,604 INFO c.z.h.HikariDataSource [main] HikariPool-1 - Starting...
2020-11-06 15:23:42,700 INFO c.z.h.HikariDataSource [main] HikariPool-1 - Start completed.
2020-11-06 15:23:42,763 INFO o.h.j.i.u.LogHelper [main] HHH000204: Processing PersistenceUnitInfo [
	name: default
	...]
2020-11-06 15:23:42,854 INFO o.h.Version [main] HHH000412: Hibernate Core {5.3.10.Final}
2020-11-06 15:23:42,858 INFO o.h.c.Environment [main] HHH000206: hibernate.properties not found
2020-11-06 15:23:43,029 INFO o.h.a.c.r.j.JavaReflectionManager [main] HCANN000001: Hibernate Commons Annotations {5.0.4.Final}
2020-11-06 15:23:43,214 INFO o.h.d.Dialect [main] HHH000400: Using dialect: org.hibernate.dialect.H2Dialect
2020-11-06 15:23:44,175 INFO o.s.o.j.AbstractEntityManagerFactoryBean [main] Initialized JPA EntityManagerFactory for persistence unit 'default'
2020-11-06 15:23:44,893 INFO o.s.s.w.DefaultSecurityFilterChain [main] Creating filter chain: any request, [org.springframework.security.web.context.request.async.WebAsyncManagerIntegrationFilter@d1d85d0, org.springframework.security.web.context.SecurityContextPersistenceFilter@6fe243a, org.springframework.security.web.header.HeaderWriterFilter@36349e29, org.springframework.web.filter.CorsFilter@115a7e51, org.springframework.security.web.authentication.logout.LogoutFilter@594c66c3, com.example.demo.security.JWTAuthenticationFilter@23ea3853, com.example.demo.security.JWTAuthorizationFilter@6f1163f7, org.springframework.security.web.savedrequest.RequestCacheAwareFilter@63ad5fe7, org.springframework.security.web.servletapi.SecurityContextHolderAwareRequestFilter@36d39655, org.springframework.security.web.authentication.AnonymousAuthenticationFilter@e4348c0, org.springframework.security.web.session.SessionManagementFilter@5aeebccc, org.springframework.security.web.access.ExceptionTranslationFilter@3f1fb139, org.springframework.security.web.access.intercept.FilterSecurityInterceptor@579ce2e9]
2020-11-06 15:23:45,101 INFO o.s.s.c.ExecutorConfigurationSupport [main] Initializing ExecutorService 'applicationTaskExecutor'
2020-11-06 15:23:45,138 WARN o.s.b.a.o.j.JpaBaseConfiguration$JpaWebConfiguration$JpaWebMvcConfiguration [main] spring.jpa.open-in-view is enabled by default. Therefore, database queries may be performed during view rendering. Explicitly configure spring.jpa.open-in-view to disable this warning
2020-11-06 15:23:45,361 INFO o.a.j.l.DirectJDKLog [main] Starting ProtocolHandler ["http-nio-8080"]
2020-11-06 15:23:45,391 INFO o.s.b.w.e.t.TomcatWebServer [main] Tomcat started on port(s): 8080 (http) with context path ''
2020-11-06 15:23:45,395 INFO o.s.b.StartupInfoLogger [main] Started SareetaApplication in 6.786 seconds (JVM running for 8.657)
2020-11-06 15:23:49,581 INFO o.a.j.l.DirectJDKLog [http-nio-8080-exec-2] Initializing Spring DispatcherServlet 'dispatcherServlet'
2020-11-06 15:23:49,586 INFO o.s.w.s.FrameworkServlet [http-nio-8080-exec-2] Initializing Servlet 'dispatcherServlet'
2020-11-06 15:23:49,603 INFO o.s.w.s.FrameworkServlet [http-nio-8080-exec-2] Completed initialization in 16 ms
2020-11-06 15:23:50,438 INFO o.h.h.i.QueryTranslatorFactoryInitiator [http-nio-8080-exec-2] HHH000397: Using ASTQueryTranslatorFactory
2020-11-06 15:23:55,500 INFO c.e.d.c.UserController [http-nio-8080-exec-3] Username set with jack1
2020-11-06 15:23:55,919 INFO c.e.d.c.UserController [http-nio-8080-exec-3] User successfully saved {}jack1
2020-11-06 15:24:24,488 INFO o.s.s.c.ExecutorConfigurationSupport [Thread-3] Shutting down ExecutorService 'applicationTaskExecutor'
2020-11-06 15:24:24,492 INFO o.s.o.j.AbstractEntityManagerFactoryBean [Thread-3] Closing JPA EntityManagerFactory for persistence unit 'default'
2020-11-06 15:24:24,498 INFO c.z.h.HikariDataSource [Thread-3] HikariPool-1 - Shutdown initiated...
2020-11-06 15:24:24,503 INFO c.z.h.HikariDataSource [Thread-3] HikariPool-1 - Shutdown completed.
